CUSTOMER ID:48 => Products bought:7 | Time in the supermarket: 0.241 s | Queue Time: 0.219 s | n. Queue visited: 1 | 
CUSTOMER ID:24 => Products bought:29 | Time in the supermarket: 0.901 s | Queue Time: 0.878 s | n. Queue visited: 1 | 
CUSTOMER ID:36 => Products bought:70 | Time in the supermarket: 1.490 s | Queue Time: 1.480 s | n. Queue visited: 1 | 
CUSTOMER ID:37 => Products bought:99 | Time in the supermarket: 2.075 s | Queue Time: 2.059 s | n. Queue visited: 1 | 
CUSTOMER ID:6 => Products bought:82 | Time in the supermarket: 2.620 s | Queue Time: 2.580 s | n. Queue visited: 1 | 
CUSTOMER ID:1 => Products bought:57 | Time in the supermarket: 2.709 s | Queue Time: 2.658 s | n. Queue visited: 1 | 
CUSTOMER ID:17 => Products bought:41 | Time in the supermarket: 2.974 s | Queue Time: 2.944 s | n. Queue visited: 1 | 
CUSTOMER ID:18 => Products bought:22 | Time in the supermarket: 3.228 s | Queue Time: 3.176 s | n. Queue visited: 1 | 
CUSTOMER ID:30 => Products bought:35 | Time in the supermarket: 3.753 s | Queue Time: 3.713 s | n. Queue visited: 1 | 
CUSTOMER ID:13 => Products bought:70 | Time in the supermarket: 4.099 s | Queue Time: 4.059 s | n. Queue visited: 1 | 
CUSTOMER ID:25 => Products bought:59 | Time in the supermarket: 4.487 s | Queue Time: 4.412 s | n. Queue visited: 1 | 
CUSTOMER ID:57 => Products bought:30 | Time in the supermarket: 0.781 s | Queue Time: 0.679 s | n. Queue visited: 1 | 
CUSTOMER ID:49 => Products bought:36 | Time in the supermarket: 4.898 s | Queue Time: 4.847 s | n. Queue visited: 1 | 
CUSTOMER ID:7 => Products bought:63 | Time in the supermarket: 5.092 s | Queue Time: 5.048 s | n. Queue visited: 1 | 
CUSTOMER ID:59 => Products bought:42 | Time in the supermarket: 1.699 s | Queue Time: 1.517 s | n. Queue visited: 1 | 
CUSTOMER ID:61 => Products bought:1 | Time in the supermarket: 1.018 s | Queue Time: 0.979 s | n. Queue visited: 1 | 
CUSTOMER ID:20 => Products bought:58 | Time in the supermarket: 5.726 s | Queue Time: 5.641 s | n. Queue visited: 1 | 
CUSTOMER ID:44 => Products bought:60 | Time in the supermarket: 6.371 s | Queue Time: 6.310 s | n. Queue visited: 1 | 
CUSTOMER ID:42 => Products bought:76 | Time in the supermarket: 6.497 s | Queue Time: 6.445 s | n. Queue visited: 1 | 
CUSTOMER ID:64 => Products bought:42 | Time in the supermarket: 1.091 s | Queue Time: 0.919 s | n. Queue visited: 1 | 
CUSTOMER ID:8 => Products bought:17 | Time in the supermarket: 6.790 s | Queue Time: 6.717 s | n. Queue visited: 1 | 
CUSTOMER ID:14 => Products bought:52 | Time in the supermarket: 6.845 s | Queue Time: 6.754 s | n. Queue visited: 1 | 
CUSTOMER ID:19 => Products bought:28 | Time in the supermarket: 7.139 s | Queue Time: 7.083 s | n. Queue visited: 1 | 
CUSTOMER ID:43 => Products bought:6 | Time in the supermarket: 7.338 s | Queue Time: 7.281 s | n. Queue visited: 1 | 
CUSTOMER ID:32 => Products bought:47 | Time in the supermarket: 7.864 s | Queue Time: 7.767 s | n. Queue visited: 1 | 
CUSTOMER ID:33 => Products bought:53 | Time in the supermarket: 7.929 s | Queue Time: 7.852 s | n. Queue visited: 1 | 
CUSTOMER ID:16 => Products bought:35 | Time in the supermarket: 8.643 s | Queue Time: 8.520 s | n. Queue visited: 1 | 
CUSTOMER ID:31 => Products bought:65 | Time in the supermarket: 8.717 s | Queue Time: 8.648 s | n. Queue visited: 1 | 
CUSTOMER ID:45 => Products bought:17 | Time in the supermarket: 9.136 s | Queue Time: 9.047 s | n. Queue visited: 1 | 
CUSTOMER ID:15 => Products bought:5 | Time in the supermarket: 9.316 s | Queue Time: 9.220 s | n. Queue visited: 1 | 
CUSTOMER ID:2 => Products bought:87 | Time in the supermarket: 9.748 s | Queue Time: 9.669 s | n. Queue visited: 1 | 
CUSTOMER ID:3 => Products bought:16 | Time in the supermarket: 10.147 s | Queue Time: 10.040 s | n. Queue visited: 1 | 
CUSTOMER ID:50 => Products bought:94 | Time in the supermarket: 10.602 s | Queue Time: 10.475 s | n. Queue visited: 1 | 
CUSTOMER ID:26 => Products bought:64 | Time in the supermarket: 10.675 s | Queue Time: 10.572 s | n. Queue visited: 1 | 
CUSTOMER ID:39 => Products bought:35 | Time in the supermarket: 10.926 s | Queue Time: 10.807 s | n. Queue visited: 1 | 
CUSTOMER ID:79 => Products bought:72 | Time in the supermarket: 1.612 s | Queue Time: 1.519 s | n. Queue visited: 1 | 
CUSTOMER ID:4 => Products bought:22 | Time in the supermarket: 11.121 s | Queue Time: 10.986 s | n. Queue visited: 1 | 
CUSTOMER ID:27 => Products bought:46 | Time in the supermarket: 11.674 s | Queue Time: 11.567 s | n. Queue visited: 1 | 
CUSTOMER ID:40 => Products bought:89 | Time in the supermarket: 12.786 s | Queue Time: 12.637 s | n. Queue visited: 1 | 
CUSTOMER ID:38 => Products bought:53 | Time in the supermarket: 12.814 s | Queue Time: 12.698 s | n. Queue visited: 1 | 
CUSTOMER ID:83 => Products bought:95 | Time in the supermarket: 2.304 s | Queue Time: 2.274 s | n. Queue visited: 1 | 
CUSTOMER ID:41 => Products bought:94 | Time in the supermarket: 13.081 s | Queue Time: 12.928 s | n. Queue visited: 1 | 
CUSTOMER ID:34 => Products bought:58 | Time in the supermarket: 14.320 s | Queue Time: 14.164 s | n. Queue visited: 1 | 
CUSTOMER ID:28 => Products bought:76 | Time in the supermarket: 14.385 s | Queue Time: 14.225 s | n. Queue visited: 1 | 
CUSTOMER ID:9 => Products bought:75 | Time in the supermarket: 14.393 s | Queue Time: 14.268 s | n. Queue visited: 1 | 
CUSTOMER ID:29 => Products bought:6 | Time in the supermarket: 14.519 s | Queue Time: 14.355 s | n. Queue visited: 1 | 
CUSTOMER ID:21 => Products bought:12 | Time in the supermarket: 14.704 s | Queue Time: 14.543 s | n. Queue visited: 1 | 
CUSTOMER ID:22 => Products bought:17 | Time in the supermarket: 14.938 s | Queue Time: 14.772 s | n. Queue visited: 1 | 
CUSTOMER ID:11 => Products bought:34 | Time in the supermarket: 15.152 s | Queue Time: 14.970 s | n. Queue visited: 1 | 
CUSTOMER ID:98 => Products bought:49 | Time in the supermarket: 1.163 s | Queue Time: 1.059 s | n. Queue visited: 1 | 
CUSTOMER ID:10 => Products bought:81 | Time in the supermarket: 16.403 s | Queue Time: 16.226 s | n. Queue visited: 1 | 
CUSTOMER ID:47 => Products bought:77 | Time in the supermarket: 16.771 s | Queue Time: 16.577 s | n. Queue visited: 1 | 
CUSTOMER ID:23 => Products bought:99 | Time in the supermarket: 16.997 s | Queue Time: 16.827 s | n. Queue visited: 1 | 
CUSTOMER ID:35 => Products bought:12 | Time in the supermarket: 17.316 s | Queue Time: 17.134 s | n. Queue visited: 1 | 
CUSTOMER ID:12 => Products bought:64 | Time in the supermarket: 17.762 s | Queue Time: 17.576 s | n. Queue visited: 1 | 
CUSTOMER ID:100 => Products bought:61 | Time in the supermarket: 1.459 s | Queue Time: 1.299 s | n. Queue visited: 1 | 
CUSTOMER ID:54 => Products bought:65 | Time in the supermarket: 15.441 s | Queue Time: 15.377 s | n. Queue visited: 1 | 
CUSTOMER ID:46 => Products bought:47 | Time in the supermarket: 18.335 s | Queue Time: 18.145 s | n. Queue visited: 1 | 
CUSTOMER ID:5 => Products bought:28 | Time in the supermarket: 18.401 s | Queue Time: 18.213 s | n. Queue visited: 1 | 
CUSTOMER ID:62 => Products bought:7 | Time in the supermarket: 14.086 s | Queue Time: 13.971 s | n. Queue visited: 1 | 
CUSTOMER ID:56 => Products bought:24 | Time in the supermarket: 16.000 s | Queue Time: 15.903 s | n. Queue visited: 1 | 
CUSTOMER ID:51 => Products bought:24 | Time in the supermarket: 17.404 s | Queue Time: 17.273 s | n. Queue visited: 1 | 
CUSTOMER ID:101 => Products bought:67 | Time in the supermarket: 2.878 s | Queue Time: 2.686 s | n. Queue visited: 1 | 
CUSTOMER ID:52 => Products bought:30 | Time in the supermarket: 18.083 s | Queue Time: 17.923 s | n. Queue visited: 1 | 
CUSTOMER ID:58 => Products bought:60 | Time in the supermarket: 16.235 s | Queue Time: 16.057 s | n. Queue visited: 1 | 
CUSTOMER ID:63 => Products bought:89 | Time in the supermarket: 15.026 s | Queue Time: 14.858 s | n. Queue visited: 1 | 
CUSTOMER ID:60 => Products bought:47 | Time in the supermarket: 16.474 s | Queue Time: 16.436 s | n. Queue visited: 1 | 
CUSTOMER ID:102 => Products bought:96 | Time in the supermarket: 3.964 s | Queue Time: 3.899 s | n. Queue visited: 1 | 
CUSTOMER ID:53 => Products bought:83 | Time in the supermarket: 19.820 s | Queue Time: 19.632 s | n. Queue visited: 1 | 
CUSTOMER ID:65 => Products bought:48 | Time in the supermarket: 16.595 s | Queue Time: 16.498 s | n. Queue visited: 1 | 
CUSTOMER ID:117 => Products bought:26 | Time in the supermarket: 0.761 s | Queue Time: 0.599 s | n. Queue visited: 1 | 
CUSTOMER ID:67 => Products bought:84 | Time in the supermarket: 15.867 s | Queue Time: 15.786 s | n. Queue visited: 1 | 
CUSTOMER ID:103 => Products bought:50 | Time in the supermarket: 5.043 s | Queue Time: 4.950 s | n. Queue visited: 1 | 
CUSTOMER ID:104 => Products bought:32 | Time in the supermarket: 5.762 s | Queue Time: 5.640 s | n. Queue visited: 1 | 
CUSTOMER ID:55 => Products bought:95 | Time in the supermarket: 20.582 s | Queue Time: 20.537 s | n. Queue visited: 1 | 
CUSTOMER ID:66 => Products bought:54 | Time in the supermarket: 17.026 s | Queue Time: 16.997 s | n. Queue visited: 2 | 
CUSTOMER ID:68 => Products bought:89 | Time in the supermarket: 17.535 s | Queue Time: 17.450 s | n. Queue visited: 2 | 
CUSTOMER ID:111 => Products bought:44 | Time in the supermarket: 4.758 s | Queue Time: 4.590 s | n. Queue visited: 1 | 
CUSTOMER ID:78 => Products bought:43 | Time in the supermarket: 14.915 s | Queue Time: 14.849 s | n. Queue visited: 1 | 
CUSTOMER ID:121 => Products bought:97 | Time in the supermarket: 2.096 s | Queue Time: 2.019 s | n. Queue visited: 1 | 
CUSTOMER ID:69 => Products bought:95 | Time in the supermarket: 18.586 s | Queue Time: 18.472 s | n. Queue visited: 1 | 
CUSTOMER ID:71 => Products bought:79 | Time in the supermarket: 18.777 s | Queue Time: 18.759 s | n. Queue visited: 1 | 
CUSTOMER ID:72 => Products bought:12 | Time in the supermarket: 18.358 s | Queue Time: 18.332 s | n. Queue visited: 1 | 
CUSTOMER ID:80 => Products bought:78 | Time in the supermarket: 16.554 s | Queue Time: 16.457 s | n. Queue visited: 1 | 
CUSTOMER ID:131 => Products bought:27 | Time in the supermarket: 0.651 s | Queue Time: 0.619 s | n. Queue visited: 1 | 
CUSTOMER ID:70 => Products bought:25 | Time in the supermarket: 19.356 s | Queue Time: 19.166 s | n. Queue visited: 1 | 
CUSTOMER ID:74 => Products bought:20 | Time in the supermarket: 18.836 s | Queue Time: 18.709 s | n. Queue visited: 1 | 
CUSTOMER ID:76 => Products bought:31 | Time in the supermarket: 18.231 s | Queue Time: 18.071 s | n. Queue visited: 1 | 
CUSTOMER ID:84 => Products bought:49 | Time in the supermarket: 16.001 s | Queue Time: 15.942 s | n. Queue visited: 1 | 
CUSTOMER ID:132 => Products bought:57 | Time in the supermarket: 1.376 s | Queue Time: 1.341 s | n. Queue visited: 1 | 
CUSTOMER ID:73 => Products bought:66 | Time in the supermarket: 20.207 s | Queue Time: 20.156 s | n. Queue visited: 1 | 
CUSTOMER ID:85 => Products bought:55 | Time in the supermarket: 17.180 s | Queue Time: 17.093 s | n. Queue visited: 2 | 
CUSTOMER ID:75 => Products bought:77 | Time in the supermarket: 19.850 s | Queue Time: 19.670 s | n. Queue visited: 1 | 
CUSTOMER ID:77 => Products bought:89 | Time in the supermarket: 20.760 s | Queue Time: 20.744 s | n. Queue visited: 1 | 
CUSTOMER ID:88 => Products bought:96 | Time in the supermarket: 17.321 s | Queue Time: 17.149 s | n. Queue visited: 1 | 
CUSTOMER ID:90 => Products bought:8 | Time in the supermarket: 17.265 s | Queue Time: 17.212 s | n. Queue visited: 1 | 
CUSTOMER ID:82 => Products bought:90 | Time in the supermarket: 19.770 s | Queue Time: 19.742 s | n. Queue visited: 1 | 
CUSTOMER ID:89 => Products bought:26 | Time in the supermarket: 18.185 s | Queue Time: 18.055 s | n. Queue visited: 1 | 
CUSTOMER ID:81 => Products bought:84 | Time in the supermarket: 20.561 s | Queue Time: 20.411 s | n. Queue visited: 1 | 
CUSTOMER ID:91 => Products bought:37 | Time in the supermarket: 18.084 s | Queue Time: 18.003 s | n. Queue visited: 1 | 
CUSTOMER ID:86 => Products bought:37 | Time in the supermarket: 21.054 s | Queue Time: 20.915 s | n. Queue visited: 1 | 
CUSTOMER ID:87 => Products bought:66 | Time in the supermarket: 19.584 s | Queue Time: 19.440 s | n. Queue visited: 1 | 
CUSTOMER ID:92 => Products bought:19 | Time in the supermarket: 19.360 s | Queue Time: 19.250 s | n. Queue visited: 1 | 
CUSTOMER ID:93 => Products bought:73 | Time in the supermarket: 18.311 s | Queue Time: 18.173 s | n. Queue visited: 1 | 
CUSTOMER ID:94 => Products bought:26 | Time in the supermarket: 18.910 s | Queue Time: 18.720 s | n. Queue visited: 1 | 
CUSTOMER ID:95 => Products bought:60 | Time in the supermarket: 19.256 s | Queue Time: 19.213 s | n. Queue visited: 1 | 
CUSTOMER ID:96 => Products bought:14 | Time in the supermarket: 19.070 s | Queue Time: 19.023 s | n. Queue visited: 1 | 
CUSTOMER ID:115 => Products bought:91 | Time in the supermarket: 13.861 s | Queue Time: 13.756 s | n. Queue visited: 1 | 
CUSTOMER ID:116 => Products bought:21 | Time in the supermarket: 14.359 s | Queue Time: 14.225 s | n. Queue visited: 1 | 
CUSTOMER ID:97 => Products bought:44 | Time in the supermarket: 20.029 s | Queue Time: 19.953 s | n. Queue visited: 1 | 
CUSTOMER ID:118 => Products bought:8 | Time in the supermarket: 13.766 s | Queue Time: 13.600 s | n. Queue visited: 1 | 
CUSTOMER ID:122 => Products bought:3 | Time in the supermarket: 12.979 s | Queue Time: 12.899 s | n. Queue visited: 1 | 
CUSTOMER ID:107 => Products bought:97 | Time in the supermarket: 17.172 s | Queue Time: 17.117 s | n. Queue visited: 1 | 
CUSTOMER ID:99 => Products bought:31 | Time in the supermarket: 19.263 s | Queue Time: 19.107 s | n. Queue visited: 1 | 
CUSTOMER ID:125 => Products bought:44 | Time in the supermarket: 12.880 s | Queue Time: 12.867 s | n. Queue visited: 1 | 
CUSTOMER ID:112 => Products bought:98 | Time in the supermarket: 18.080 s | Queue Time: 17.908 s | n. Queue visited: 1 | 
CUSTOMER ID:127 => Products bought:56 | Time in the supermarket: 13.336 s | Queue Time: 13.218 s | n. Queue visited: 1 | 
CUSTOMER ID:106 => Products bought:91 | Time in the supermarket: 19.416 s | Queue Time: 19.390 s | n. Queue visited: 1 | 
CUSTOMER ID:124 => Products bought:15 | Time in the supermarket: 14.464 s | Queue Time: 14.279 s | n. Queue visited: 2 | 
CUSTOMER ID:105 => Products bought:38 | Time in the supermarket: 20.255 s | Queue Time: 20.105 s | n. Queue visited: 1 | 
CUSTOMER ID:114 => Products bought:85 | Time in the supermarket: 18.661 s | Queue Time: 18.631 s | n. Queue visited: 1 | 
CUSTOMER ID:108 => Products bought:55 | Time in the supermarket: 20.964 s | Queue Time: 20.905 s | n. Queue visited: 1 | 
CUSTOMER ID:109 => Products bought:9 | Time in the supermarket: 21.228 s | Queue Time: 21.141 s | n. Queue visited: 1 | 
CUSTOMER ID:110 => Products bought:14 | Time in the supermarket: 21.587 s | Queue Time: 21.495 s | n. Queue visited: 1 | 
CUSTOMER ID:119 => Products bought:62 | Time in the supermarket: 19.147 s | Queue Time: 19.104 s | n. Queue visited: 1 | 
CUSTOMER ID:113 => Products bought:56 | Time in the supermarket: 22.125 s | Queue Time: 22.100 s | n. Queue visited: 1 | 
CUSTOMER ID:129 => Products bought:39 | Time in the supermarket: 16.889 s | Queue Time: 16.738 s | n. Queue visited: 1 | 
CUSTOMER ID:120 => Products bought:92 | Time in the supermarket: 20.141 s | Queue Time: 20.094 s | n. Queue visited: 1 | 
CUSTOMER ID:123 => Products bought:9 | Time in the supermarket: 19.347 s | Queue Time: 19.166 s | n. Queue visited: 1 | 
CUSTOMER ID:133 => Products bought:62 | Time in the supermarket: 17.714 s | Queue Time: 17.626 s | n. Queue visited: 1 | 
CUSTOMER ID:126 => Products bought:50 | Time in the supermarket: 19.678 s | Queue Time: 19.660 s | n. Queue visited: 1 | 
CUSTOMER ID:134 => Products bought:92 | Time in the supermarket: 19.633 s | Queue Time: 19.517 s | n. Queue visited: 1 | 
CUSTOMER ID:128 => Products bought:86 | Time in the supermarket: 21.477 s | Queue Time: 21.355 s | n. Queue visited: 1 | 
CUSTOMER ID:130 => Products bought:45 | Time in the supermarket: 21.119 s | Queue Time: 20.987 s | n. Queue visited: 1 | 


CASHIER ID:1 => Products bought : 1740 | Customers served : 37 | Time opened : 46.495 s | Average Service Time : 4.503 s | Times closed : 1 |
CASHIER ID:2 => Products bought : 2112 | Customers served : 41 | Time opened : 46.495 s | Average Service Time : 4.819 s | Times closed : 1 |
CASHIER ID:3 => Products bought : 2170 | Customers served : 39 | Time opened : 46.496 s | Average Service Time : 4.661 s | Times closed : 1 |
CASHIER ID:4 => Products bought : 598 | Customers served : 13 | Time opened : 35.037 s | Average Service Time : 2.607 s | Times closed : 2 |
CASHIER ID:5 => Products bought : 290 | Customers served : 4 | Time opened : 7.238 s | Average Service Time : 1.896 s | Times closed : 2 |
CASHIER ID:6 => Products bought : 0 | Customers served : 0 | Time opened : 0.000 s | Average Service Time : 0.000 s | Times closed : 0 |

TODAY'S STATS
CUSTOMERS SERVED: 134
PRODUCTS BOUGHT: 6910
